Started by timer
[Thu Aug 20 03:00:00 GMT 2020] Starting branch indexing...
[8mha:////4JO22dn6nyNIlEYiaj5tahNwOPgdiPZgW3J226VL+is2AAAAhB+LCAAAAAAAAP9b85aBtbiIwSa/KF0vKzUvOzOvODlTryCnNB3I0kvPLMkoTYpPKkrMS86IL84vLUpO1XPPLPEoTXLOzyvOz0n1yy9JZYAARiYGRi8GzpLM3NTiksTcgooiBqmM0pTi/Dy9ZIhiPayaGCoKgHQJ53mxfQAr0MP6jgAAAA==[0mConnecting to https://api.github.com using prabha6kar/****** (GitHub credentials)
Examining [8mha:////4N0ZvDebmEx7aQ+nF/9mFaeVNohcIgIZ190Np6zGieMTAAAArx+LCAAAAAAAAP9b85aBtbiIQSajNKU4P08vOT+vOD8nVc+jsiC1KCczL9svvyTVzHb1RttJBUeZGJg8GdhyUvPSSzJ8GJhLi3JKGIR8shLLEvVzEvPS9YNLijLz0q0rihik0IxzhtAgwxgggJGJgaGiAMiQKWHQzygpKSi20tdPzyzJKE0C6srVr0pNzClJTc7ISUzSd/aMD07MLchJjQ+oLMnIzwMARVjN87QAAAA=[0mzealtechlab/CI_Sample_Python

  Checking branches...

  Getting remote branches...

    Checking branch [8mha:////4GkQD1s0WgOMp5+IOsZm/ysZnM80IHQtS2DTjd2Q6wFmAAAAth+LCAAAAAAAAP9djDEOgkAQRUeMHMDSeAa2s5BY0UhCjAkHIAtOWHTY3ewOBjyG19DGQ3gc7yCGztf81/z3/MDCO1ir7uSNjiqjvSGM9oNFR42+HAzjZvd47e72HUCQQkioa1YZzDtHDMvsLK9SkNS1yNk1uo57B6u/XDLtLwYTswCgt6OEDLFitn4rRN2w6srx1YobSmKsFMlSJGmRy9YSFseBldGCHaJopWd0X9CA8QrAAAAA[0mmaster

  Getting remote pull requests...
      ‘Jenkinsfile’ not found
    Does not meet criteria

    Checking branch [8mha:////4NsFCfZG5b00pY9Q9Doy7PIZj7AClQ+P6HXFp4Z0zhCwAAAAzh+LCAAAAAAAAP9djDGKAkEQRcsR9wAbiokXmN5NNlCMBFEQEYRNmxotu0fL7qa7RmY8htfQZA/hcbzDKma+5L/kv+sdOilCz1ab5F2+9i55pnzaBIpcuv3CC/2MLn+jc7hlkM3gg8kZsXNoV5EFPuc7PKJidEatJJbODOsI3bfc+LXPGLxoZQB1eEhf4NeKhDRQypRiq+LxOqgTIQutLWOhxjO9wkNg0stGrHdKIpGaEEoVSX996wIT6S1j2uuCvdGhEUryD3JWTjnbAAAA[0mFeature_01_base_flask_blog_pytest
      ‘Jenkinsfile’ found
    Met criteria
No changes detected: Feature_01_base_flask_blog_pytest (still at bc6c2528805e0440d451ca273dd7a5b9a4f70148)

    Checking branch [8mha:////4LmsDUZOPV8yE6NIAanpusD03chiH778LaGEDxG/h+ULAAAA1B+LCAAAAAAAAP9djDFuAjEQRSeLyAEoIy5AgyMKCqKtkBBICCHRx5qFwV52GFv2bMTmGLlG0uQQOU7uABFdXvNf89/XL/RzgqFvDznIeB8kB6bxsouUuJZmE5Sm5ed3+RF/CihW8MgkTv0aem1ihcH6hG9oGMWZnaZa3MslwdO/3Py+fzG481AAXOJNRgqvXjXmmTGuVt9Wt9fZvBOy0t4zVma+sjs8Rya77dQHMZqIzIJQ20T2eWIrzGSPjLmxFQdnY6eU1Z5ImlryFYPIurrjAAAA[0mFeature_02_base_flask_blog_pytest_jenkins
      ‘Jenkinsfile’ found
    Met criteria
No changes detected: Feature_02_base_flask_blog_pytest_jenkins (still at 5580410c58c43822e921b4bd643fe0ebe88e01d8)

    Checking branch [8mha:////4GvhMPPZR3sOCSMS9UcLuIQsbQ0OQbgqIBDn3ZXAmljlAAAA2h+LCAAAAAAAAP9djkFKA0EQRcsJegCXkjOkhYALJauAGAgi5ABFzUyle5xKd1NdEzIew2voxkN4HO/gSHb+zf+b9/ifP3BZFOZhaEuKiybFkoQXT2NmlS72z8n4bvXxtXrP3xVUG7gSjt7CFmaDisH19pWO5ISidzvTLvqHk8LNP9363H8yOOeiAjjlaSwNQjDL5d4531kY6ok6uDcmMW6CUO3WG9zRIQvjy2ghRWfK7B6ZbFDG2yXWVBj3QqXHWpLHPBoXw+kBKbap6VuW7sj6C7Da233tAAAA[0mFeature_03_base_flask_blog_pytest_sonar_dockdeliver
      ‘Jenkinsfile’ found
    Met criteria
No changes detected: Feature_03_base_flask_blog_pytest_sonar_dockdeliver (still at 42d1adb51410ca17ce9105cd54d7d5cc0d5ea1ea)

    Checking branch [8mha:////4AnW7LnF4ygG0gI0WFbqUY6Sz2pAa+qw3LPSNf7zfxY8AAAA1h+LCAAAAAAAAP9djkFOAkEQRcsxeACWxitAuyAsNKxIjCTEmHCASjUW3SNFd6e72sx4DK8BGw/hcbyDQ9j5N/9v3ss//cKoZLjz9a3EMN3GUKLw9LlPnKUN+5eoPF8cvxdf6aeBZgU3wsGpX8N1zaIwXr/TBxmh4MxGcxvcY5fh9p9ueemzDC65agC6NIyJgvWqqTwY41r11Q7UwXwyifLWC1mzXOGGDkkYX3v1MRjNzOaJSWtmvJ+hpcK4Eyp7tBIdpl65KA4PKGPgrpY/E7eT+ecAAAA=[0mFeature_04_base_flask_blog_pytest_sonar_nexus
      ‘Jenkinsfile’ found
    Met criteria
No changes detected: Feature_04_base_flask_blog_pytest_sonar_nexus (still at 81a06e3ac3e4aeaff153445ecfd2437629cb1076)

    Checking branch [8mha:////4MHXvcBfiqmfMldhF/cAbU8WEQ657Sj3XUmon9c7QkvfAAAAwx+LCAAAAAAAAP9djEEOAUEQRcsIB7DEGfTOglhJxCQTkThAp4bSPZTuTneN4BiuwcYhHMcdEDtv89/mv/sLWilC39ab5N1g7V3yTIP5OVDkyu0XXmg4uT0m1/DMIMuhzeSM2AKadWSBTrHDIypGZ9RKYuXM+BSh+5eb/vYbgx+NDOAUPtITWFqRkEZKmUpsXX5eB3UhZKG1ZSzVNNcrPAQmvTyL9U5JJFIzQqkj6RIT6S1j2uuSvdEYwhusI6x31QAAAA==[0mFeature_base_flask_blog_app
      ‘Jenkinsfile’ not found
    Does not meet criteria

    Checking branch [8mha:////4EjsliiYpSQvFf++nuYch+6TOVdMOjjuVZCX3wiZFX2VAAAAvR+LCAAAAAAAAP9djDEOAUEUhp8VOo1SXGFNNAqyjW1sshGJA8jYfZkZnpnJzFvBMVyDxiEcxx0Qna/5v+b/7i/oxABD3dTR2VHlbHSEo8XZYyBj90vHOMluj+zqnwkkBXQJrWJdQrsJxNAvd/IoBUmrxJqDsWp2CjD4y+W//cbgRysBOPmP9BjmmtnHqRDKsG62n9dBXFASY6VJbkVebNby4Ak3qzNrZwUHRCHrOiVToY2Yjt9lYTwVxwAAAA==[0madd-license-1
      ‘Jenkinsfile’ not found
    Does not meet criteria

  7 branches were processed

  Checking pull-requests...

  0 pull requests were processed

Finished examining zealtechlab/CI_Sample_Python

[Thu Aug 20 03:00:09 GMT 2020] Finished branch indexing. Indexing took 9.2 sec
Finished: SUCCESS
